<component name="libraryTable">
  <library name="junit:junit:4.8.2@jar">
    <CLASSES>
      <root url="jar://$USER_HOME$/.m2/repository/junit/junit/4.8.2/junit-4.8.2.jar!/" />
    </CLASSES>
    <JAVADOC />
    <SOURCES />
  </library>
</component>